<?xml version="1.0" encoding="UTF-8"?>
<testsuite xmlns:xsi="http://www.w3.org/2001/XMLSchema-instance" xsi:noNamespaceSchemaLocation="https://maven.apache.org/surefire/maven-surefire-plugin/xsd/surefire-test-report-3.0.xsd" version="3.0" name="co.edu.linkedint.linkedin.LinkedinApplicationTests" time="2.619" tests="1" errors="0" skipped="0" failures="0">
  <properties>
[...]
</properties>
  <testcase name="contextLoads" classname="co.edu.linkedint.linkedin.LinkedinApplicationTests" time="0.647">
    <system-out><![CDATA[20:53:52.390 [main] INFO org.springframework.test.context.support.AnnotationConfigContextLoaderUtils -- Could not detect default configuration classes for test class [co.edu.linkedint.linkedin.LinkedinApplicationTests]: LinkedinApplicationTests does not declare any static, non-private, non-final, nested classes annotated with @Configuration.
20:53:52.478 [main] INFO org.springframework.boot.test.context.SpringBootTestContextBootstrapper -- Found @SpringBootConfiguration co.edu.linkedint.linkedin.LinkedinApplication for test class co.edu.linkedint.linkedin.LinkedinApplicationTests

  .   ____          _            __ _ _
 /\\ / ___'_ __ _ _(_)_ __  __ _ \ \ \ \
( ( )\___ | '_ | '_| | '_ \/ _` | \ \ \ \
 \\/  ___)| |_)| | | | | || (_| |  ) ) ) )
  '  |____| .__|_| |_|_| |_\__, | / / / /
 =========|_|==============|___/=/_/_/_/

 :: Spring Boot ::                (v3.3.5)

2024-11-23T20:53:52.790-05:00  INFO 27300 --- [linkedin] [           main] c.e.l.linkedin.LinkedinApplicationTests  : Starting LinkedinApplicationTests using Java 23.0.1 with PID 27300 (started by River in E:\PROGRAMACION\ProyectoDise-oDeSoftware1\linkedin)
2024-11-23T20:53:52.791-05:00  INFO 27300 --- [linkedin] [           main] c.e.l.linkedin.LinkedinApplicationTests  : No active profile set, falling back to 1 default profile: "default"
2024-11-23T20:53:53.236-05:00  INFO 27300 --- [linkedin] [           main] .s.d.r.c.RepositoryConfigurationDelegate : Bootstrapping Spring Data MongoDB repositories in DEFAULT mode.
2024-11-23T20:53:53.250-05:00  INFO 27300 --- [linkedin] [           main] .s.d.r.c.RepositoryConfigurationDelegate : Finished Spring Data repository scanning in 11 ms. Found 0 MongoDB repository interfaces.
2024-11-23T20:53:53.903-05:00  INFO 27300 --- [linkedin] [           main] org.mongodb.driver.client                : MongoClient with metadata {"driver": {"name": "mongo-java-driver|sync|spring-boot", "version": "5.0.1"}, "os": {"type": "Windows", "name": "Windows 11", "architecture": "amd64", "version": "10.0"}, "platform": "Java/Eclipse Adoptium/23.0.1+11"} created with settings MongoClientSettings{readPreference=primary, writeConcern=WriteConcern{w=null, wTimeout=null ms, journal=null}, retryWrites=true, retryReads=true, readConcern=ReadConcern{level=null}, credential=MongoCredential{mechanism=null, userName='riverbonilla', source='admin', password=<hidden>, mechanismProperties=<hidden>}, transportSettings=null, commandListeners=[], codecRegistry=ProvidersCodecRegistry{codecProviders=[ValueCodecProvider{}, BsonValueCodecProvider{}, DBRefCodecProvider{}, DBObjectCodecProvider{}, DocumentCodecProvider{}, CollectionCodecProvider{}, IterableCodecProvider{}, MapCodecProvider{}, GeoJsonCodecProvider{}, GridFSFileCodecProvider{}, Jsr310CodecProvider{}, JsonObjectCodecProvider{}, BsonCodecProvider{}, EnumCodecProvider{}, com.mongodb.client.model.mql.ExpressionCodecProvider@1ac730cd, com.mongodb.Jep395RecordCodecProvider@668cc9a2, com.mongodb.KotlinCodecProvider@5aa62ee7]}, loggerSettings=LoggerSettings{maxDocumentLength=1000}, clusterSettings={hosts=[127.0.0.1:27017], srvHost=cluster0.i8nfa.mongodb.net, srvServiceName=mongodb, mode=MULTIPLE, requiredClusterType=REPLICA_SET, requiredReplicaSetName='atlas-6loqta-shard-0', serverSelector='null', clusterListeners='[]', serverSelectionTimeout='30000 ms', localThreshold='15 ms'}, socketSettings=SocketSettings{connectTimeoutMS=10000, readTimeoutMS=0, receiveBufferSize=0, proxySettings=ProxySettings{host=null, port=null, username=null, password=null}}, heartbeatSocketSettings=SocketSettings{connectTimeoutMS=10000, readTimeoutMS=10000, receiveBufferSize=0, proxySettings=ProxySettings{host=null, port=null, username=null, password=null}}, connectionPoolSettings=ConnectionPoolSettings{maxSize=100, minSize=0, maxWaitTimeMS=120000, maxConnectionLifeTimeMS=0, maxConnectionIdleTimeMS=0, maintenanceInitialDelayMS=0, maintenanceFrequencyMS=60000, connectionPoolListeners=[], maxConnecting=2}, serverSettings=ServerSettings{heartbeatFrequencyMS=10000, minHeartbeatFrequencyMS=500, serverListeners='[]', serverMonitorListeners='[]'}, sslSettings=SslSettings{enabled=true, invalidHostNameAllowed=false, context=null}, applicationName='null', compressorList=[], uuidRepresentation=JAVA_LEGACY, serverApi=null, autoEncryptionSettings=null, dnsClient=null, inetAddressResolver=null, contextProvider=null}
2024-11-23T20:53:53.930-05:00  INFO 27300 --- [linkedin] [nfa.mongodb.net] org.mongodb.driver.cluster               : Adding discovered server cluster0-shard-00-00.i8nfa.mongodb.net:27017 to client view of cluster
2024-11-23T20:53:53.956-05:00  INFO 27300 --- [linkedin] [nfa.mongodb.net] org.mongodb.driver.cluster               : Adding discovered server cluster0-shard-00-02.i8nfa.mongodb.net:27017 to client view of cluster
2024-11-23T20:53:53.962-05:00  INFO 27300 --- [linkedin] [nfa.mongodb.net] org.mongodb.driver.cluster               : Adding discovered server cluster0-shard-00-01.i8nfa.mongodb.net:27017 to client view of cluster
2024-11-23T20:53:54.221-05:00  INFO 27300 --- [linkedin] [           main] c.e.l.linkedin.LinkedinApplicationTests  : Started LinkedinApplicationTests in 1.635 seconds (process running for 2.389)
2024-11-23T20:53:54.605-05:00  INFO 27300 --- [linkedin] [ngodb.net:27017] org.mongodb.driver.cluster               : Monitor thread successfully connected to server with description ServerDescription{address=cluster0-shard-00-00.i8nfa.mongodb.net:27017, type=REPLICA_SET_SECONDARY, state=CONNECTED, ok=true, minWireVersion=0, maxWireVersion=25, maxDocumentSize=16777216, logicalSessionTimeoutMinutes=30, roundTripTimeNanos=394578000, setName='atlas-6loqta-shard-0', canonicalAddress=cluster0-shard-00-00.i8nfa.mongodb.net:27017, hosts=[cluster0-shard-00-00.i8nfa.mongodb.net:27017, cluster0-shard-00-02.i8nfa.mongodb.net:27017, cluster0-shard-00-01.i8nfa.mongodb.net:27017], passives=[], arbiters=[], primary='cluster0-shard-00-02.i8nfa.mongodb.net:27017', tagSet=TagSet{[Tag{name='availabilityZone', value='use1-az1'}, Tag{name='diskState', value='READY'}, Tag{name='nodeType', value='ELECTABLE'}, Tag{name='provider', value='AWS'}, Tag{name='region', value='US_EAST_1'}, Tag{name='workloadType', value='OPERATIONAL'}]}, electionId=null, setVersion=193, topologyVersion=TopologyVersion{processId=673b647e7f45e251c7a85b7f, counter=5}, lastWriteDate=Sat Nov 23 20:53:53 GMT-05:00 2024, lastUpdateTimeNanos=345722994806300}
2024-11-23T20:53:54.605-05:00  INFO 27300 --- [linkedin] [ngodb.net:27017] org.mongodb.driver.cluster               : Monitor thread successfully connected to server with description ServerDescription{address=cluster0-shard-00-02.i8nfa.mongodb.net:27017, type=REPLICA_SET_PRIMARY, state=CONNECTED, ok=true, minWireVersion=0, maxWireVersion=25, maxDocumentSize=16777216, logicalSessionTimeoutMinutes=30, roundTripTimeNanos=370441400, setName='atlas-6loqta-shard-0', canonicalAddress=cluster0-shard-00-02.i8nfa.mongodb.net:27017, hosts=[cluster0-shard-00-00.i8nfa.mongodb.net:27017, cluster0-shard-00-02.i8nfa.mongodb.net:27017, cluster0-shard-00-01.i8nfa.mongodb.net:27017], passives=[], arbiters=[], primary='cluster0-shard-00-02.i8nfa.mongodb.net:27017', tagSet=TagSet{[Tag{name='availabilityZone', value='use1-az5'}, Tag{name='diskState', value='READY'}, Tag{name='nodeType', value='ELECTABLE'}, Tag{name='provider', value='AWS'}, Tag{name='region', value='US_EAST_1'}, Tag{name='workloadType', value='OPERATIONAL'}]}, electionId=7fffffff00000000000001e5, setVersion=193, topologyVersion=TopologyVersion{processId=673b64ca309be0c5a838c78a, counter=7}, lastWriteDate=Sat Nov 23 20:53:53 GMT-05:00 2024, lastUpdateTimeNanos=345722997677100}
2024-11-23T20:53:54.605-05:00  INFO 27300 --- [linkedin] [ngodb.net:27017] org.mongodb.driver.cluster               : Monitor thread successfully connected to server with description ServerDescription{address=cluster0-shard-00-01.i8nfa.mongodb.net:27017, type=REPLICA_SET_SECONDARY, state=CONNECTED, ok=true, minWireVersion=0, maxWireVersion=25, maxDocumentSize=16777216, logicalSessionTimeoutMinutes=30, roundTripTimeNanos=394086500, setName='atlas-6loqta-shard-0', canonicalAddress=cluster0-shard-00-01.i8nfa.mongodb.net:27017, hosts=[cluster0-shard-00-00.i8nfa.mongodb.net:27017, cluster0-shard-00-02.i8nfa.mongodb.net:27017, cluster0-shard-00-01.i8nfa.mongodb.net:27017], passives=[], arbiters=[], primary='cluster0-shard-00-02.i8nfa.mongodb.net:27017', tagSet=TagSet{[Tag{name='availabilityZone', value='use1-az2'}, Tag{name='diskState', value='READY'}, Tag{name='nodeType', value='ELECTABLE'}, Tag{name='provider', value='AWS'}, Tag{name='region', value='US_EAST_1'}, Tag{name='workloadType', value='OPERATIONAL'}]}, electionId=null, setVersion=193, topologyVersion=TopologyVersion{processId=673b651580e4fadad98222fe, counter=4}, lastWriteDate=Sat Nov 23 20:53:53 GMT-05:00 2024, lastUpdateTimeNanos=345722997284100}
2024-11-23T20:53:54.609-05:00  INFO 27300 --- [linkedin] [ngodb.net:27017] org.mongodb.driver.cluster               : Discovered replica set primary cluster0-shard-00-02.i8nfa.mongodb.net:27017 with max election id 7fffffff00000000000001e5 and max set version 193
]]></system-out>
    <system-err><![CDATA[WARNING: A Java agent has been loaded dynamically (C:\Users\River\.m2\repository\net\bytebuddy\byte-buddy-agent\1.14.19\byte-buddy-agent-1.14.19.jar)
WARNING: If a serviceability tool is in use, please run with -XX:+EnableDynamicAgentLoading to hide this warning
WARNING: If a serviceability tool is not in use, please run with -Djdk.instrument.traceUsage for more information
WARNING: Dynamic loading of agents will be disallowed by default in a future release
]]></system-err>
  </testcase>
</testsuite>